<?xml version="1.0" encoding="UTF-8"?>
<!-- Generated by org.testng.reporters.JUnitReportReporter -->
<testsuite hostname="DT-KALYANASHIS" name="com.phm.hec.testcases.initiate" tests="1" failures="0" timestamp="22 Jun 2017 16:27:44 GMT" time="24.554" errors="0">
  <testcase name="loginn" time="24.554" classname="com.phm.hec.testcases.initiate"/>
</testsuite> <!-- com.phm.hec.testcases.initiate -->
