<?xml version="1.0" encoding="UTF-8"?>
<!-- Generated by org.testng.reporters.JUnitReportReporter -->
<testsuite hostname="DT-KALYANASHIS" name="com.phm.hec.PD.Testcases.TC16AddAccount" tests="1" failures="0" timestamp="22 Jun 2017 16:27:44 GMT" time="19.965" errors="0">
  <testcase name="AddAccount" time="19.965" classname="com.phm.hec.PD.Testcases.TC16AddAccount"/>
</testsuite> <!-- com.phm.hec.PD.Testcases.TC16AddAccount -->
